<?xml version="1.0" encoding="UTF-8"?>
<!-- Generated by org.testng.reporters.JUnitReportReporter -->
<testsuite hostname="LAPTOP-QEITCBDC" failures="0" tests="11" name="runner.runCuke" time="0.276" errors="0" timestamp="2024-09-17T14:24:11 IST" skipped="0">
  <testcase classname="runner.runCuke" name="runScenario" time="0.008"/>
  <testcase classname="runner.runCuke" name="runScenario" time="0.010"/>
  <testcase classname="runner.runCuke" name="runScenario" time="0.007"/>
  <testcase classname="runner.runCuke" name="runScenario" time="0.010"/>
  <testcase classname="runner.runCuke" name="runScenario" time="0.174"/>
  <testcase classname="runner.runCuke" name="runScenario" time="0.007"/>
  <testcase classname="runner.runCuke" name="runScenario" time="0.009"/>
  <testcase classname="runner.runCuke" name="runScenario" time="0.009"/>
  <testcase classname="runner.runCuke" name="runScenario" time="0.008"/>
  <testcase classname="runner.runCuke" name="runScenario" time="0.020"/>
  <testcase classname="runner.runCuke" name="runScenario" time="0.014"/>
</testsuite> <!-- runner.runCuke -->
